<?xml version="1.0" encoding="UTF-8"?>
<coverage generated="1663098937832" clover="3.2.0">
  <project timestamp="1663098937832" name="All files">
    <metrics statements="21" coveredstatements="21" conditionals="12" coveredconditionals="12" methods="3" coveredmethods="3" elements="36" coveredelements="36" complexity="0" loc="21" ncloc="21" packages="1" files="1" classes="1"/>
    <file name="challenge_27.js" path="/chanllenges/hard/challenge_27.js">
      <metrics statements="21" coveredstatements="21" conditionals="12" coveredconditionals="12" methods="3" coveredmethods="3"/>
      <line num="1" count="1" type="stmt"/>
      <line num="2" count="944" type="stmt"/>
      <line num="3" count="944" type="stmt"/>
      <line num="4" count="6165" type="stmt"/>
      <line num="5" count="6165" type="cond" truecount="2" falsecount="0"/>
      <line num="6" count="109" type="stmt"/>
      <line num="7" count="109" type="stmt"/>
      <line num="9" count="6056" type="cond" truecount="2" falsecount="0"/>
      <line num="10" count="163" type="stmt"/>
      <line num="11" count="163" type="stmt"/>
      <line num="13" count="5893" type="cond" truecount="4" falsecount="0"/>
      <line num="14" count="109" type="stmt"/>
      <line num="15" count="109" type="stmt"/>
      <line num="17" count="5893" type="cond" truecount="2" falsecount="0"/>
      <line num="18" count="907" type="stmt"/>
      <line num="19" count="160" type="stmt"/>
      <line num="21" count="5733" type="cond" truecount="2" falsecount="0"/>
      <line num="22" count="34" type="stmt"/>
      <line num="23" count="34" type="stmt"/>
      <line num="26" count="944" type="stmt"/>
      <line num="29" count="3" type="stmt"/>
    </file>
  </project>
</coverage>
