<?xml version="1.0" encoding="UTF-8"?>
<coverage generated="1662930508635" clover="3.2.0">
  <project timestamp="1662930508635" name="All files">
    <metrics statements="10" coveredstatements="10" conditionals="12" coveredconditionals="12" methods="2" coveredmethods="2" elements="24" coveredelements="24" complexity="0" loc="10" ncloc="10" packages="1" files="1" classes="1"/>
    <file name="challenge_24.js" path="/chanllenges/hard/challenge_24.js">
      <metrics statements="10" coveredstatements="10" conditionals="12" coveredconditionals="12" methods="2" coveredmethods="2"/>
      <line num="4" count="5" type="stmt"/>
      <line num="8" count="5" type="cond" truecount="7" falsecount="0"/>
      <line num="13" count="5" type="cond" truecount="2" falsecount="0"/>
      <line num="17" count="4" type="stmt"/>
      <line num="21" count="4" type="stmt"/>
      <line num="25" count="4" type="stmt"/>
      <line num="29" count="3" type="stmt"/>
      <line num="33" count="2" type="cond" truecount="3" falsecount="0"/>
      <line num="37" count="2" type="stmt"/>
      <line num="42" count="1" type="stmt"/>
    </file>
  </project>
</coverage>
