{"/chanllenges/medium/challenge_17.js": {"path":"/chanllenges/medium/challenge_17.js","statementMap":{"0":{"start":{"line":1,"column":0},"end":{"line":13,"column":1}},"1":{"start":{"line":2,"column":29},"end":{"line":2,"column":30}},"2":{"start":{"line":3,"column":4},"end":{"line":5,"column":5}},"3":{"start":{"line":4,"column":8},"end":{"line":4,"column":23}},"4":{"start":{"line":6,"column":4},"end":{"line":11,"column":7}},"5":{"start":{"line":7,"column":8},"end":{"line":10,"column":9}},"6":{"start":{"line":8,"column":12},"end":{"line":8,"column":121}},"7":{"start":{"line":9,"column":12},"end":{"line":9,"column":45}},"8":{"start":{"line":12,"column":4},"end":{"line":12,"column":19}}},"fnMap":{"0":{"name":"(anonymous_0)","decl":{"start":{"line":1,"column":22},"end":{"line":1,"column":23}},"loc":{"start":{"line":1,"column":53},"end":{"line":13,"column":1}},"line":1},"1":{"name":"(anonymous_1)","decl":{"start":{"line":6,"column":22},"end":{"line":6,"column":23}},"loc":{"start":{"line":6,"column":27},"end":{"line":11,"column":5}},"line":6}},"branchMap":{"0":{"loc":{"start":{"line":3,"column":4},"end":{"line":5,"column":5}},"type":"if","locations":[{"start":{"line":3,"column":4},"end":{"line":5,"column":5}},{"start":{},"end":{}}],"line":3},"1":{"loc":{"start":{"line":7,"column":8},"end":{"line":10,"column":9}},"type":"if","locations":[{"start":{"line":7,"column":8},"end":{"line":10,"column":9}},{"start":{},"end":{}}],"line":7}},"s":{"0":1,"1":5,"2":5,"3":1,"4":4,"5":5,"6":4,"7":4,"8":4},"f":{"0":5,"1":5},"b":{"0":[1,4],"1":[4,1]},"_coverageSchema":"1a1c01bbd47fc00a2c39e90264f33305004495a9","hash":"c6078447b59eb2b5d2b7a49bd74e4dc3e1a56a89"}
}
