{"/chanllenges/hard/challenge_24.js": {"path":"/chanllenges/hard/challenge_24.js","statementMap":{"0":{"start":{"line":4,"column":8},"end":{"line":4,"column":26}},"1":{"start":{"line":8,"column":8},"end":{"line":9,"column":134}},"2":{"start":{"line":13,"column":8},"end":{"line":13,"column":50}},"3":{"start":{"line":17,"column":8},"end":{"line":17,"column":77}},"4":{"start":{"line":21,"column":8},"end":{"line":21,"column":40}},"5":{"start":{"line":25,"column":8},"end":{"line":25,"column":37}},"6":{"start":{"line":29,"column":8},"end":{"line":29,"column":40}},"7":{"start":{"line":33,"column":8},"end":{"line":33,"column":76}},"8":{"start":{"line":37,"column":8},"end":{"line":37,"column":41}},"9":{"start":{"line":42,"column":0},"end":{"line":42,"column":31}}},"fnMap":{"0":{"name":"(anonymous_0)","decl":{"start":{"line":3,"column":4},"end":{"line":3,"column":5}},"loc":{"start":{"line":3,"column":25},"end":{"line":5,"column":5}},"line":3},"1":{"name":"(anonymous_1)","decl":{"start":{"line":7,"column":4},"end":{"line":7,"column":5}},"loc":{"start":{"line":7,"column":18},"end":{"line":10,"column":5}},"line":7}},"branchMap":{"0":{"loc":{"start":{"line":8,"column":15},"end":{"line":9,"column":134}},"type":"binary-expr","locations":[{"start":{"line":8,"column":15},"end":{"line":8,"column":41}},{"start":{"line":8,"column":45},"end":{"line":8,"column":69}},{"start":{"line":8,"column":73},"end":{"line":8,"column":116}},{"start":{"line":8,"column":120},"end":{"line":8,"column":148}},{"start":{"line":9,"column":12},"end":{"line":9,"column":45}},{"start":{"line":9,"column":49},"end":{"line":9,"column":110}},{"start":{"line":9,"column":114},"end":{"line":9,"column":134}}],"line":8},"1":{"loc":{"start":{"line":13,"column":15},"end":{"line":13,"column":50}},"type":"binary-expr","locations":[{"start":{"line":13,"column":15},"end":{"line":13,"column":30}},{"start":{"line":13,"column":34},"end":{"line":13,"column":50}}],"line":13},"2":{"loc":{"start":{"line":33,"column":15},"end":{"line":33,"column":76}},"type":"binary-expr","locations":[{"start":{"line":33,"column":15},"end":{"line":33,"column":36}},{"start":{"line":33,"column":40},"end":{"line":33,"column":58}},{"start":{"line":33,"column":62},"end":{"line":33,"column":76}}],"line":33}},"s":{"0":5,"1":5,"2":5,"3":4,"4":4,"5":4,"6":3,"7":2,"8":2,"9":1},"f":{"0":5,"1":5},"b":{"0":[5,4,4,4,3,2,2],"1":[5,4],"2":[2,2,2]},"_coverageSchema":"1a1c01bbd47fc00a2c39e90264f33305004495a9","hash":"c896f85ff38675bc16183bb347b2c717c7d3bf5a"}
}
