TN:
SF:easy/challenge_10.js
FN:1,(anonymous_0)
FN:6,(anonymous_1)
FNF:2
FNH:2
FNDA:4,(anonymous_0)
FNDA:46,(anonymous_1)
DA:1,1
DA:2,4
DA:3,4
DA:4,1
DA:6,3
DA:7,46
DA:8,3
DA:10,43
DA:11,43
DA:12,43
DA:14,3
LF:11
LH:11
BRDA:3,0,0,1
BRDA:3,0,1,3
BRDA:7,1,0,3
BRDA:7,1,1,43
BRF:4
BRH:4
end_of_record
TN:
SF:easy/challenge_11.js
FN:1,(anonymous_0)
FNF:1
FNH:1
FNDA:4,(anonymous_0)
DA:1,1
DA:2,4
DA:3,4
DA:4,14
DA:5,89
DA:8,4
LF:6
LH:6
BRF:0
BRH:0
end_of_record
TN:
SF:easy/challenge_12.js
FN:1,(anonymous_0)
FN:4,(anonymous_1)
FNF:2
FNH:2
FNDA:4,(anonymous_0)
FNDA:24,(anonymous_1)
DA:1,1
DA:2,4
DA:3,4
DA:4,4
DA:5,24
DA:6,24
DA:7,21
DA:8,21
DA:9,12
DA:10,12
DA:14,4
LF:11
LH:11
BRDA:6,0,0,21
BRDA:6,0,1,3
BRDA:8,1,0,12
BRDA:8,1,1,9
BRF:4
BRH:4
end_of_record
TN:
SF:easy/challenge_13.js
FN:1,(anonymous_0)
FN:5,(anonymous_1)
FN:5,(anonymous_2)
FN:6,(anonymous_3)
FN:6,(anonymous_4)
FNF:5
FNH:5
FNDA:5,(anonymous_0)
FNDA:55,(anonymous_1)
FNDA:30,(anonymous_2)
FNDA:55,(anonymous_3)
FNDA:25,(anonymous_4)
DA:1,1
DA:2,5
DA:3,5
DA:4,5
DA:5,55
DA:6,55
DA:7,5
DA:8,5
LF:8
LH:8
BRDA:8,0,0,1
BRDA:8,0,1,4
BRF:2
BRH:2
end_of_record
TN:
SF:easy/challenge_14.js
FN:2,(anonymous_0)
FN:9,(anonymous_1)
FNF:2
FNH:2
FNDA:5,(anonymous_0)
FNDA:5,(anonymous_1)
DA:1,1
DA:3,5
DA:4,5
DA:5,5
DA:10,5
DA:11,5
DA:12,2
DA:14,5
DA:15,5
DA:16,5
DA:17,5
DA:18,5
DA:19,5
DA:20,5
DA:21,5
DA:22,5
LF:16
LH:16
BRDA:18,0,0,4
BRDA:18,0,1,1
BRF:2
BRH:2
end_of_record
TN:
SF:easy/challenge_7.js
FN:1,(anonymous_0)
FN:3,(anonymous_1)
FN:4,(anonymous_2)
FNF:3
FNH:3
FNDA:3,(anonymous_0)
FNDA:12,(anonymous_1)
FNDA:78,(anonymous_2)
DA:1,1
DA:2,3
DA:3,12
DA:4,78
LF:4
LH:4
BRF:0
BRH:0
end_of_record
TN:
SF:easy/challenge_8.js
FN:1,(anonymous_0)
FN:4,(anonymous_1)
FN:5,(anonymous_2)
FNF:3
FNH:3
FNDA:4,(anonymous_0)
FNDA:10,(anonymous_1)
FNDA:10,(anonymous_2)
DA:1,1
DA:2,4
DA:3,4
DA:4,10
DA:5,10
DA:6,4
LF:6
LH:6
BRF:0
BRH:0
end_of_record
TN:
SF:easy/challenge_9.js
FN:1,(anonymous_0)
FN:7,(anonymous_1)
FNF:2
FNH:2
FNDA:4,(anonymous_0)
FNDA:352,(anonymous_1)
DA:1,1
DA:2,4
DA:3,4
DA:4,4
DA:5,4
DA:6,4
DA:7,352
DA:8,32
DA:9,2
DA:10,2
DA:12,30
DA:14,4
LF:12
LH:12
BRDA:8,0,0,2
BRDA:8,0,1,30
BRDA:8,1,0,32
BRDA:8,1,1,28
BRDA:8,1,2,28
BRF:5
BRH:5
end_of_record
TN:
SF:hard/challenge_23.js
FN:5,(anonymous_0)
FN:7,(anonymous_1)
FN:8,(anonymous_2)
FN:14,(anonymous_3)
FN:19,(anonymous_4)
FN:22,(anonymous_5)
FN:33,(anonymous_6)
FN:47,(anonymous_7)
FN:48,(anonymous_8)
FN:52,(anonymous_9)
FN:84,(anonymous_10)
FN:92,(anonymous_11)
FNF:12
FNH:12
FNDA:6,(anonymous_0)
FNDA:24,(anonymous_1)
FNDA:7,(anonymous_2)
FNDA:10,(anonymous_3)
FNDA:28,(anonymous_4)
FNDA:32,(anonymous_5)
FNDA:17,(anonymous_6)
FNDA:6,(anonymous_7)
FNDA:24,(anonymous_8)
FNDA:20,(anonymous_9)
FNDA:2,(anonymous_10)
FNDA:1,(anonymous_11)
DA:3,6
DA:6,6
DA:7,24
DA:8,6
DA:9,7
DA:10,7
DA:15,10
DA:16,10
DA:17,1
DA:19,28
DA:20,1
DA:22,32
DA:23,8
DA:24,2
DA:25,2
DA:27,6
DA:32,6
DA:33,17
DA:34,1
DA:36,5
DA:37,5
DA:38,1
DA:40,5
DA:41,5
DA:42,1
DA:44,5
DA:48,24
DA:52,20
DA:56,10
DA:57,2
DA:59,8
DA:60,8
DA:65,10
DA:71,13
DA:72,4
DA:73,4
DA:75,9
DA:76,9
DA:85,2
DA:93,1
DA:98,1
LF:41
LH:41
BRDA:16,0,0,1
BRDA:16,0,1,9
BRDA:19,1,0,1
BRDA:19,1,1,8
BRDA:23,2,0,2
BRDA:23,2,1,6
BRDA:33,3,0,1
BRDA:33,3,1,5
BRDA:37,4,0,1
BRDA:37,4,1,4
BRDA:41,5,0,1
BRDA:41,5,1,4
BRDA:48,6,0,22
BRDA:48,6,1,2
BRDA:56,7,0,2
BRDA:56,7,1,8
BRDA:59,8,0,2
BRDA:59,8,1,6
BRDA:65,9,0,10
BRDA:65,9,1,8
BRDA:65,9,2,2
BRDA:65,9,3,6
BRDA:65,9,4,5
BRDA:71,10,0,4
BRDA:71,10,1,9
BRF:25
BRH:25
end_of_record
TN:
SF:hard/challenge_24.js
FN:3,(anonymous_0)
FN:7,(anonymous_1)
FNF:2
FNH:2
FNDA:5,(anonymous_0)
FNDA:5,(anonymous_1)
DA:4,5
DA:8,5
DA:13,5
DA:17,4
DA:21,4
DA:25,4
DA:29,3
DA:33,2
DA:37,2
DA:42,1
LF:10
LH:10
BRDA:8,0,0,5
BRDA:8,0,1,4
BRDA:8,0,2,4
BRDA:8,0,3,4
BRDA:8,0,4,3
BRDA:8,0,5,2
BRDA:8,0,6,2
BRDA:13,1,0,5
BRDA:13,1,1,4
BRDA:33,2,0,2
BRDA:33,2,1,2
BRDA:33,2,2,2
BRF:12
BRH:12
end_of_record
TN:
SF:hard/challenge_25.js
FN:4,(anonymous_0)
FNF:1
FNH:1
FNDA:4,(anonymous_0)
DA:1,1
DA:2,1
DA:4,1
DA:6,4
DA:7,4
DA:9,4
DA:10,4
DA:11,2223
DA:12,2223
DA:13,110
DA:14,110
DA:16,2113
DA:17,2113
DA:18,103
DA:19,1
DA:20,1
DA:22,102
DA:25,4
DA:27,4
LF:19
LH:19
BRDA:12,0,0,110
BRDA:12,0,1,2113
BRDA:17,1,0,103
BRDA:17,1,1,2010
BRDA:18,2,0,1
BRDA:18,2,1,102
BRDA:18,3,0,103
BRDA:18,3,1,102
BRF:8
BRH:8
end_of_record
TN:
SF:hard/challenge_26.js
FN:1,(anonymous_0)
FNF:1
FNH:1
FNDA:4,(anonymous_0)
DA:1,1
DA:2,4
DA:3,4
DA:4,1
DA:6,3
DA:7,1
DA:9,2
DA:10,2
DA:11,2
DA:12,147
DA:13,147
DA:14,147
DA:16,2
LF:13
LH:13
BRDA:3,0,0,1
BRDA:3,0,1,3
BRDA:6,1,0,1
BRDA:6,1,1,2
BRDA:6,2,0,3
BRDA:6,2,1,3
BRF:6
BRH:6
end_of_record
TN:
SF:hard/challenge_27.js
FN:1,(anonymous_0)
FN:18,(anonymous_1)
FN:29,(anonymous_2)
FNF:3
FNH:3
FNDA:944,(anonymous_0)
FNDA:907,(anonymous_1)
FNDA:3,(anonymous_2)
DA:1,1
DA:2,944
DA:3,944
DA:4,6165
DA:5,6165
DA:6,109
DA:7,109
DA:9,6056
DA:10,163
DA:11,163
DA:13,5893
DA:14,109
DA:15,109
DA:17,5893
DA:18,907
DA:19,160
DA:21,5733
DA:22,34
DA:23,34
DA:26,944
DA:29,3
LF:21
LH:21
BRDA:5,0,0,109
BRDA:5,0,1,6056
BRDA:9,1,0,163
BRDA:9,1,1,5893
BRDA:13,2,0,109
BRDA:13,2,1,5784
BRDA:13,3,0,5893
BRDA:13,3,1,218
BRDA:17,4,0,160
BRDA:17,4,1,5733
BRDA:21,5,0,34
BRDA:21,5,1,5699
BRF:12
BRH:12
end_of_record
TN:
SF:hard/challenge_28.js
FN:2,(anonymous_0)
FN:3,(anonymous_1)
FN:4,(anonymous_2)
FN:5,(anonymous_3)
FN:6,(anonymous_4)
FN:7,(anonymous_5)
FN:11,(anonymous_6)
FN:16,(anonymous_7)
FN:17,(anonymous_8)
FN:24,(anonymous_9)
FN:24,(anonymous_10)
FN:30,(anonymous_11)
FN:40,(anonymous_12)
FN:44,(anonymous_13)
FN:48,(anonymous_14)
FN:53,(anonymous_15)
FN:53,(anonymous_16)
FN:61,(anonymous_17)
FN:66,(anonymous_18)
FN:72,(anonymous_19)
FN:88,(anonymous_20)
FN:109,(anonymous_21)
FN:120,(anonymous_22)
FN:122,(anonymous_23)
FN:124,(anonymous_24)
FN:128,(anonymous_25)
FN:132,(anonymous_26)
FN:143,(anonymous_27)
FNF:28
FNH:28
FNDA:15,(anonymous_0)
FNDA:8,(anonymous_1)
FNDA:7,(anonymous_2)
FNDA:2,(anonymous_3)
FNDA:2,(anonymous_4)
FNDA:2,(anonymous_5)
FNDA:6,(anonymous_6)
FNDA:15,(anonymous_7)
FNDA:36,(anonymous_8)
FNDA:99,(anonymous_9)
FNDA:99,(anonymous_10)
FNDA:6,(anonymous_11)
FNDA:5,(anonymous_12)
FNDA:2,(anonymous_13)
FNDA:2,(anonymous_14)
FNDA:1485,(anonymous_15)
FNDA:275,(anonymous_16)
FNDA:10,(anonymous_17)
FNDA:15,(anonymous_18)
FNDA:68,(anonymous_19)
FNDA:1,(anonymous_20)
FNDA:9,(anonymous_21)
FNDA:2,(anonymous_22)
FNDA:4,(anonymous_23)
FNDA:3,(anonymous_24)
FNDA:9,(anonymous_25)
FNDA:6,(anonymous_26)
FNDA:3,(anonymous_27)
DA:2,15
DA:3,8
DA:4,7
DA:5,2
DA:6,2
DA:7,2
DA:9,1
DA:12,6
DA:13,6
DA:17,36
DA:24,99
DA:26,6
DA:27,6
DA:28,6
DA:31,6
DA:32,6
DA:33,6
DA:34,6
DA:35,6
DA:36,6
DA:41,5
DA:45,2
DA:49,2
DA:53,1485
DA:54,15
DA:55,157
DA:56,157
DA:58,15
DA:62,10
DA:63,1
DA:65,9
DA:66,15
DA:67,9
DA:68,9
DA:69,1
DA:71,9
DA:72,68
DA:73,36
DA:74,2
DA:77,9
DA:78,9
DA:79,9
DA:80,9
DA:81,9
DA:89,1
DA:94,1
DA:100,1
DA:110,9
DA:111,9
DA:112,9
DA:113,9
DA:114,9
DA:118,9
DA:120,2
DA:122,4
DA:124,3
DA:129,9
DA:133,6
DA:135,1
DA:137,4
DA:139,1
DA:144,3
DA:149,1
LF:63
LH:63
BRDA:2,0,0,15
BRDA:2,0,1,15
BRDA:3,1,0,8
BRDA:3,1,1,8
BRDA:4,2,0,7
BRDA:4,2,1,7
BRDA:5,3,0,2
BRDA:5,3,1,2
BRDA:6,4,0,2
BRDA:6,4,1,2
BRDA:52,5,0,6
BRDA:55,6,0,145
BRDA:55,6,1,12
BRDA:62,7,0,1
BRDA:62,7,1,9
BRDA:67,8,0,2
BRDA:67,8,1,7
BRDA:68,9,0,1
BRDA:68,9,1,8
BRDA:68,10,0,9
BRDA:68,10,1,3
BRDA:68,10,2,2
BRDA:73,11,0,2
BRDA:73,11,1,34
BRDA:78,12,0,6
BRDA:78,12,1,3
BRDA:118,13,0,2
BRDA:118,13,1,4
BRDA:118,13,2,3
BRDA:120,14,0,2
BRDA:120,14,1,1
BRDA:122,15,0,4
BRDA:122,15,1,4
BRDA:124,16,0,3
BRDA:124,16,1,1
BRDA:133,17,0,1
BRDA:133,17,1,4
BRDA:133,17,2,1
BRDA:144,18,0,2
BRDA:144,18,1,1
BRF:40
BRH:40
end_of_record
TN:
SF:medium/challenge_15.js
FN:11,(anonymous_0)
FN:13,(anonymous_1)
FN:22,(anonymous_2)
FNF:3
FNH:3
FNDA:4,(anonymous_0)
FNDA:27,(anonymous_1)
FNDA:28,(anonymous_2)
DA:1,1
DA:11,1
DA:12,4
DA:13,27
DA:14,4
DA:15,4
DA:16,13
DA:17,13
DA:18,13
DA:19,7
DA:20,7
DA:22,28
DA:23,6
DA:24,6
DA:27,4
LF:15
LH:15
BRDA:18,0,0,7
BRDA:18,0,1,6
BRDA:22,1,0,28
BRDA:22,1,1,17
BRF:4
BRH:4
end_of_record
TN:
SF:medium/challenge_16.js
FN:6,(anonymous_0)
FN:21,(anonymous_1)
FN:22,(anonymous_2)
FNF:3
FNH:3
FNDA:29,(anonymous_0)
FNDA:4,(anonymous_1)
FNDA:29,(anonymous_2)
DA:1,1
DA:2,1
DA:3,1
DA:4,1
DA:6,1
DA:7,29
DA:8,53
DA:9,53
DA:10,26
DA:11,26
DA:13,27
DA:14,27
DA:16,53
DA:18,29
DA:21,4
DA:22,29
LF:16
LH:16
BRDA:9,0,0,26
BRDA:9,0,1,27
BRDA:22,1,0,9
BRDA:22,1,1,20
BRF:4
BRH:4
end_of_record
TN:
SF:medium/challenge_17.js
FN:1,(anonymous_0)
FN:6,(anonymous_1)
FNF:2
FNH:2
FNDA:5,(anonymous_0)
FNDA:5,(anonymous_1)
DA:1,1
DA:2,5
DA:3,5
DA:4,1
DA:6,4
DA:7,5
DA:8,4
DA:9,4
DA:12,4
LF:9
LH:9
BRDA:3,0,0,1
BRDA:3,0,1,4
BRDA:7,1,0,4
BRDA:7,1,1,1
BRF:4
BRH:4
end_of_record
TN:
SF:medium/challenge_18.js
FN:3,(anonymous_0)
FN:9,(anonymous_1)
FN:59,(anonymous_2)
FNF:3
FNH:3
FNDA:5,(anonymous_0)
FNDA:5,(anonymous_1)
FNDA:3,(anonymous_2)
DA:4,5
DA:5,5
DA:6,5
DA:10,5
DA:11,3
DA:13,2
DA:14,1
DA:16,1
DA:20,1
DA:21,1
DA:22,1
DA:23,1
DA:24,1
DA:25,1
DA:26,1
DA:27,1
DA:28,1
DA:29,1
DA:33,1
DA:34,1
DA:35,1
DA:36,1
DA:37,1
DA:38,1
DA:39,1
DA:40,1
DA:41,1
DA:42,1
DA:43,1
DA:44,1
DA:45,1
DA:46,1
DA:47,1
DA:48,1
DA:49,1
DA:50,1
DA:51,1
DA:52,1
DA:60,3
DA:65,1
LF:40
LH:40
BRDA:10,0,0,3
BRDA:10,0,1,2
BRDA:10,1,0,5
BRDA:10,1,1,3
BRDA:10,1,2,3
BRDA:10,1,3,1
BRDA:10,1,4,3
BRDA:10,1,5,1
BRDA:13,2,0,1
BRDA:13,2,1,1
BRF:10
BRH:10
end_of_record
TN:
SF:medium/challenge_19.js
FN:1,(anonymous_0)
FNF:1
FNH:1
FNDA:4,(anonymous_0)
DA:1,1
DA:2,4
DA:3,1
DA:5,3
DA:6,3
DA:7,12
DA:8,12
DA:9,12
DA:10,12
DA:11,21
DA:13,12
DA:15,3
LF:12
LH:12
BRDA:2,0,0,1
BRDA:2,0,1,3
BRF:2
BRH:2
end_of_record
TN:
SF:medium/challenge_20.js
FN:2,(anonymous_0)
FN:13,(anonymous_1)
FNF:2
FNH:2
FNDA:10,(anonymous_0)
FNDA:14,(anonymous_1)
DA:2,1
DA:3,10
DA:4,3
DA:6,7
DA:7,7
DA:9,7
DA:11,7
DA:13,7
DA:14,14
DA:15,42
DA:16,42
DA:19,7
LF:12
LH:12
BRDA:3,0,0,3
BRDA:3,0,1,7
BRF:2
BRH:2
end_of_record
TN:
SF:medium/challenge_21.js
FN:2,(anonymous_0)
FN:17,(anonymous_1)
FN:17,(anonymous_2)
FN:19,(anonymous_3)
FNF:4
FNH:4
FNDA:4,(anonymous_0)
FNDA:4,(anonymous_1)
FNDA:12,(anonymous_2)
FNDA:4,(anonymous_3)
DA:3,4
DA:6,1
DA:17,12
DA:19,4
DA:23,1
LF:5
LH:5
BRDA:17,0,0,8
BRDA:17,0,1,4
BRF:2
BRH:2
end_of_record
TN:
SF:medium/challenge_22.js
FN:1,(anonymous_0)
FN:3,(anonymous_1)
FN:3,(anonymous_2)
FN:4,(anonymous_3)
FN:5,(anonymous_4)
FN:6,(anonymous_5)
FNF:6
FNH:6
FNDA:4,(anonymous_0)
FNDA:38,(anonymous_1)
FNDA:108,(anonymous_2)
FNDA:45,(anonymous_3)
FNDA:45,(anonymous_4)
FNDA:7,(anonymous_5)
DA:1,1
DA:2,4
DA:3,108
DA:4,45
DA:5,45
DA:6,7
LF:6
LH:6
BRDA:2,0,0,1
BRDA:2,0,1,3
BRF:2
BRH:2
end_of_record
TN:
SF:very_easy/challenge_1.js
FN:1,(anonymous_0)
FN:1,(anonymous_1)
FNF:2
FNH:2
FNDA:4,(anonymous_0)
FNDA:20,(anonymous_1)
DA:1,20
LF:1
LH:1
BRF:0
BRH:0
end_of_record
TN:
SF:very_easy/challenge_2.js
FN:1,(anonymous_0)
FN:2,(anonymous_1)
FNF:2
FNH:2
FNDA:4,(anonymous_0)
FNDA:19,(anonymous_1)
DA:1,1
DA:2,4
DA:3,19
DA:4,15
DA:5,15
DA:7,19
DA:9,4
LF:7
LH:7
BRDA:3,0,0,15
BRDA:3,0,1,4
BRF:2
BRH:2
end_of_record
TN:
SF:very_easy/challenge_3.js
FN:1,(anonymous_0)
FN:2,(anonymous_1)
FNF:2
FNH:2
FNDA:4,(anonymous_0)
FNDA:23,(anonymous_1)
DA:1,1
DA:2,4
DA:3,23
DA:4,19
DA:5,19
DA:7,23
DA:9,4
LF:7
LH:7
BRDA:3,0,0,19
BRDA:3,0,1,4
BRF:2
BRH:2
end_of_record
TN:
SF:very_easy/challenge_4.js
FN:1,(anonymous_0)
FN:1,(anonymous_1)
FN:1,(anonymous_2)
FNF:3
FNH:3
FNDA:4,(anonymous_0)
FNDA:20,(anonymous_1)
FNDA:20,(anonymous_2)
DA:1,20
LF:1
LH:1
BRF:0
BRH:0
end_of_record
TN:
SF:very_easy/challenge_5.js
FN:1,(anonymous_0)
FNF:1
FNH:1
FNDA:4,(anonymous_0)
DA:1,4
LF:1
LH:1
BRF:0
BRH:0
end_of_record
TN:
SF:very_easy/challenge_6.js
FN:1,(anonymous_0)
FN:1,(anonymous_1)
FNF:2
FNH:2
FNDA:4,(anonymous_0)
FNDA:20,(anonymous_1)
DA:1,20
LF:1
LH:1
BRF:0
BRH:0
end_of_record
TN:
SF:very_hard/challenge_29.js
FN:2,(anonymous_0)
FN:10,(anonymous_1)
FN:17,(anonymous_2)
FN:21,(anonymous_3)
FN:22,(anonymous_4)
FN:27,(anonymous_5)
FN:30,(anonymous_6)
FN:35,(anonymous_7)
FN:36,(anonymous_8)
FN:39,(anonymous_9)
FN:40,(anonymous_10)
FN:41,(anonymous_11)
FN:49,(anonymous_12)
FN:53,(anonymous_13)
FN:62,(anonymous_14)
FN:69,(anonymous_15)
FN:82,(anonymous_16)
FN:93,(anonymous_17)
FN:108,(anonymous_18)
FNF:19
FNH:19
FNDA:239,(anonymous_0)
FNDA:818,(anonymous_1)
FNDA:143,(anonymous_2)
FNDA:818,(anonymous_3)
FNDA:1449,(anonymous_4)
FNDA:5,(anonymous_5)
FNDA:41,(anonymous_6)
FNDA:54,(anonymous_7)
FNDA:159,(anonymous_8)
FNDA:5,(anonymous_9)
FNDA:41,(anonymous_10)
FNDA:239,(anonymous_11)
FNDA:5,(anonymous_12)
FNDA:239,(anonymous_13)
FNDA:26369,(anonymous_14)
FNDA:5,(anonymous_15)
FNDA:495,(anonymous_16)
FNDA:4,(anonymous_17)
FNDA:1,(anonymous_18)
DA:3,239
DA:4,239
DA:5,239
DA:6,239
DA:7,239
DA:11,818
DA:12,409
DA:13,409
DA:18,143
DA:22,1449
DA:28,5
DA:29,5
DA:30,41
DA:32,5
DA:33,5
DA:35,54
DA:36,159
DA:40,5
DA:41,41
DA:42,239
DA:46,5
DA:50,5
DA:51,5
DA:53,5
DA:54,239
DA:56,956
DA:57,956
DA:59,956
DA:61,956
DA:62,26369
DA:63,818
DA:70,5
DA:71,5
DA:73,5
DA:75,5
DA:76,147
DA:78,147
DA:79,4
DA:82,143
DA:83,495
DA:84,144
DA:85,144
DA:90,1
DA:94,4
DA:95,4
DA:97,4
DA:98,54
DA:99,54
DA:102,4
DA:109,1
DA:114,1
LF:51
LH:51
BRDA:11,0,0,409
BRDA:11,0,1,409
BRDA:22,1,0,1449
BRDA:22,1,1,566
BRDA:30,2,0,5
BRDA:30,2,1,36
BRDA:59,3,0,956
BRDA:59,3,1,928
BRDA:59,3,2,887
BRDA:59,3,3,859
BRDA:61,4,0,818
BRDA:61,4,1,138
BRDA:62,5,0,26369
BRDA:62,5,1,2920
BRDA:78,6,0,4
BRDA:78,6,1,143
BRDA:83,7,0,144
BRDA:83,7,1,351
BRDA:83,8,0,495
BRDA:83,8,1,282
BRF:20
BRH:20
end_of_record
TN:
SF:very_hard/challenge_30.js
FN:12,(anonymous_0)
FN:12,(anonymous_1)
FN:12,(anonymous_2)
FN:13,(anonymous_3)
FN:13,(anonymous_4)
FN:13,(anonymous_5)
FN:14,(anonymous_6)
FN:14,(anonymous_7)
FN:15,(anonymous_8)
FN:15,(anonymous_9)
FN:15,(anonymous_10)
FN:16,(anonymous_11)
FN:16,(anonymous_12)
FN:17,(anonymous_13)
FN:17,(anonymous_14)
FN:18,(anonymous_15)
FN:18,(anonymous_16)
FN:18,(anonymous_17)
FN:25,(anonymous_18)
FN:63,(anonymous_19)
FN:65,(anonymous_20)
FN:69,(anonymous_21)
FN:79,(anonymous_22)
FN:91,(anonymous_23)
FN:103,(anonymous_24)
FN:132,(anonymous_25)
FN:145,(anonymous_26)
FN:158,(anonymous_27)
FN:166,(anonymous_28)
FN:174,(anonymous_29)
FN:182,(anonymous_30)
FN:196,(anonymous_31)
FN:217,(anonymous_32)
FN:221,(anonymous_33)
FN:225,(anonymous_34)
FN:229,(anonymous_35)
FN:239,(anonymous_36)
FN:243,(anonymous_37)
FNF:38
FNH:38
FNDA:71,(anonymous_0)
FNDA:379,(anonymous_1)
FNDA:305,(anonymous_2)
FNDA:21,(anonymous_3)
FNDA:42,(anonymous_4)
FNDA:42,(anonymous_5)
FNDA:7,(anonymous_6)
FNDA:14,(anonymous_7)
FNDA:4,(anonymous_8)
FNDA:4,(anonymous_9)
FNDA:4,(anonymous_10)
FNDA:2,(anonymous_11)
FNDA:20,(anonymous_12)
FNDA:2,(anonymous_13)
FNDA:10,(anonymous_14)
FNDA:36,(anonymous_15)
FNDA:108,(anonymous_16)
FNDA:108,(anonymous_17)
FNDA:8,(anonymous_18)
FNDA:1430,(anonymous_19)
FNDA:212,(anonymous_20)
FNDA:87,(anonymous_21)
FNDA:545,(anonymous_22)
FNDA:49,(anonymous_23)
FNDA:28,(anonymous_24)
FNDA:1,(anonymous_25)
FNDA:1,(anonymous_26)
FNDA:1,(anonymous_27)
FNDA:1,(anonymous_28)
FNDA:27,(anonymous_29)
FNDA:1,(anonymous_30)
FNDA:48,(anonymous_31)
FNDA:33,(anonymous_32)
FNDA:325,(anonymous_33)
FNDA:9,(anonymous_34)
FNDA:143,(anonymous_35)
FNDA:49,(anonymous_36)
FNDA:2433,(anonymous_37)
DA:1,1
DA:3,1
DA:4,1
DA:5,1
DA:6,1
DA:7,1
DA:8,1
DA:9,1
DA:11,1
DA:12,379
DA:13,42
DA:14,14
DA:15,4
DA:16,20
DA:17,10
DA:18,108
DA:26,8
DA:30,670
DA:31,670
DA:32,670
DA:33,1431
DA:34,665
DA:36,766
DA:37,120
DA:39,766
DA:41,670
DA:42,668
DA:43,1
DA:45,667
DA:46,3
DA:48,667
DA:50,670
DA:51,1
DA:53,669
DA:57,81
DA:58,81
DA:59,206
DA:60,206
DA:61,710
DA:63,1430
DA:64,33
DA:65,212
DA:68,33
DA:69,87
DA:70,1
DA:72,32
DA:80,545
DA:81,544
DA:82,89
DA:84,455
DA:85,152
DA:87,303
DA:92,49
DA:93,49
DA:94,14
DA:96,49
DA:97,49
DA:98,49
DA:99,49
DA:100,49
DA:101,49
DA:102,62
DA:103,28
DA:104,14
DA:105,1
DA:107,13
DA:108,25
DA:109,89
DA:110,89
DA:113,89
DA:117,48
DA:118,48
DA:119,48
DA:120,48
DA:123,48
DA:124,21
DA:126,28
DA:128,49
DA:133,1
DA:134,1
DA:135,4
DA:136,4
DA:138,4
DA:139,18
DA:142,1
DA:146,1
DA:147,1
DA:148,4
DA:149,18
DA:159,1
DA:167,1
DA:175,27
DA:183,1
DA:193,48
DA:194,48
DA:197,48
DA:198,48
DA:199,48
DA:200,48
DA:201,48
DA:202,48
DA:203,48
DA:204,26
DA:206,22
DA:207,64
DA:208,64
DA:209,22
DA:212,22
DA:213,1
DA:218,33
DA:222,325
DA:226,9
DA:230,143
DA:240,49
DA:244,2433
DA:249,1
LF:116
LH:116
BRDA:33,0,0,665
BRDA:33,0,1,766
BRDA:33,1,0,1431
BRDA:33,1,1,766
BRDA:36,2,0,120
BRDA:36,2,1,646
BRDA:42,3,0,1
BRDA:42,3,1,667
BRDA:42,4,0,668
BRDA:42,4,1,667
BRDA:45,5,0,3
BRDA:45,5,1,664
BRDA:50,6,0,1
BRDA:50,6,1,669
BRDA:56,7,0,49
BRDA:59,8,0,206
BRDA:59,8,1,0
BRDA:61,9,0,33
BRDA:61,9,1,677
BRDA:61,10,0,710
BRDA:61,10,1,710
BRDA:61,10,2,292
BRDA:63,11,0,1430
BRDA:63,11,1,390
BRDA:65,12,0,56
BRDA:65,12,1,156
BRDA:65,13,0,212
BRDA:65,13,1,208
BRDA:65,13,2,156
BRDA:69,14,0,1
BRDA:69,14,1,32
BRDA:79,15,0,527
BRDA:81,16,0,89
BRDA:81,16,1,455
BRDA:81,17,0,544
BRDA:81,17,1,517
BRDA:81,17,2,455
BRDA:84,18,0,152
BRDA:84,18,1,303
BRDA:85,19,0,9
BRDA:85,19,1,143
BRDA:93,20,0,14
BRDA:93,20,1,35
BRDA:102,21,0,14
BRDA:102,21,1,48
BRDA:104,22,0,1
BRDA:104,22,1,13
BRDA:104,23,0,14
BRDA:104,23,1,14
BRDA:104,23,2,8
BRDA:110,24,0,70
BRDA:110,24,1,19
BRDA:110,25,0,89
BRDA:110,25,1,80
BRDA:113,26,0,19
BRDA:113,26,1,70
BRDA:120,27,0,29
BRDA:120,27,1,19
BRDA:135,28,0,4
BRDA:135,28,1,0
BRDA:203,29,0,26
BRDA:203,29,1,22
BRDA:203,30,0,48
BRDA:203,30,1,22
BRDA:208,31,0,22
BRDA:208,31,1,42
BRDA:212,32,0,1
BRDA:212,32,1,21
BRF:68
BRH:66
end_of_record
