TN:
SF:very_hard/challenge_29.js
FN:2,(anonymous_0)
FN:10,(anonymous_1)
FN:17,(anonymous_2)
FN:21,(anonymous_3)
FN:22,(anonymous_4)
FN:27,(anonymous_5)
FN:30,(anonymous_6)
FN:35,(anonymous_7)
FN:36,(anonymous_8)
FN:39,(anonymous_9)
FN:40,(anonymous_10)
FN:41,(anonymous_11)
FN:49,(anonymous_12)
FN:53,(anonymous_13)
FN:62,(anonymous_14)
FN:69,(anonymous_15)
FN:82,(anonymous_16)
FN:93,(anonymous_17)
FN:108,(anonymous_18)
FNF:19
FNH:19
FNDA:239,(anonymous_0)
FNDA:818,(anonymous_1)
FNDA:143,(anonymous_2)
FNDA:818,(anonymous_3)
FNDA:1449,(anonymous_4)
FNDA:5,(anonymous_5)
FNDA:41,(anonymous_6)
FNDA:54,(anonymous_7)
FNDA:159,(anonymous_8)
FNDA:5,(anonymous_9)
FNDA:41,(anonymous_10)
FNDA:239,(anonymous_11)
FNDA:5,(anonymous_12)
FNDA:239,(anonymous_13)
FNDA:26369,(anonymous_14)
FNDA:5,(anonymous_15)
FNDA:495,(anonymous_16)
FNDA:4,(anonymous_17)
FNDA:1,(anonymous_18)
DA:3,239
DA:4,239
DA:5,239
DA:6,239
DA:7,239
DA:11,818
DA:12,409
DA:13,409
DA:18,143
DA:22,1449
DA:28,5
DA:29,5
DA:30,41
DA:32,5
DA:33,5
DA:35,54
DA:36,159
DA:40,5
DA:41,41
DA:42,239
DA:46,5
DA:50,5
DA:51,5
DA:53,5
DA:54,239
DA:56,956
DA:57,956
DA:59,956
DA:61,956
DA:62,26369
DA:63,818
DA:70,5
DA:71,5
DA:73,5
DA:75,5
DA:76,147
DA:78,147
DA:79,4
DA:82,143
DA:83,495
DA:84,144
DA:85,144
DA:90,1
DA:94,4
DA:95,4
DA:97,4
DA:98,54
DA:99,54
DA:102,4
DA:109,1
DA:114,1
LF:51
LH:51
BRDA:11,0,0,409
BRDA:11,0,1,409
BRDA:22,1,0,1449
BRDA:22,1,1,566
BRDA:30,2,0,5
BRDA:30,2,1,36
BRDA:59,3,0,956
BRDA:59,3,1,928
BRDA:59,3,2,887
BRDA:59,3,3,859
BRDA:61,4,0,818
BRDA:61,4,1,138
BRDA:62,5,0,26369
BRDA:62,5,1,2920
BRDA:78,6,0,4
BRDA:78,6,1,143
BRDA:83,7,0,144
BRDA:83,7,1,351
BRDA:83,8,0,495
BRDA:83,8,1,282
BRF:20
BRH:20
end_of_record
